{"/Users/emmanuelbuah/Airfordable/af-data-migrator/dist/index.js": {"path":"/Users/emmanuelbuah/Airfordable/af-data-migrator/dist/index.js","statementMap":{"0":{"start":{"line":2,"column":0},"end":{"line":2,"column":62}},"1":{"start":{"line":3,"column":20},"end":{"line":3,"column":42}},"2":{"start":{"line":4,"column":0},"end":{"line":4,"column":42}},"3":{"start":{"line":5,"column":17},"end":{"line":5,"column":44}},"4":{"start":{"line":6,"column":0},"end":{"line":6,"column":28}},"5":{"start":{"line":7,"column":0},"end":{"line":9,"column":1}},"6":{"start":{"line":8,"column":4},"end":{"line":8,"column":44}}},"fnMap":{},"branchMap":{"0":{"loc":{"start":{"line":7,"column":0},"end":{"line":9,"column":1}},"type":"if","locations":[{"start":{"line":7,"column":0},"end":{"line":9,"column":1}},{"start":{"line":7,"column":0},"end":{"line":9,"column":1}}],"line":7}},"s":{"0":1,"1":1,"2":1,"3":1,"4":1,"5":1,"6":0},"f":{},"b":{"0":[0,1]},"_coverageSchema":"332fd63041d2c1bcb487cc26dd0d5f7d97098a6c","hash":"6318edf42b0b5a979ed61038eb72129d1b29f7db"}
,"/Users/emmanuelbuah/Airfordable/af-data-migrator/dist/migration.js": {"path":"/Users/emmanuelbuah/Airfordable/af-data-migrator/dist/migration.js","statementMap":{"0":{"start":{"line":2,"column":16},"end":{"line":9,"column":1}},"1":{"start":{"line":3,"column":4},"end":{"line":8,"column":7}},"2":{"start":{"line":4,"column":36},"end":{"line":4,"column":97}},"3":{"start":{"line":4,"column":42},"end":{"line":4,"column":70}},"4":{"start":{"line":4,"column":85},"end":{"line":4,"column":95}},"5":{"start":{"line":5,"column":35},"end":{"line":5,"column":100}},"6":{"start":{"line":5,"column":41},"end":{"line":5,"column":73}},"7":{"start":{"line":5,"column":88},"end":{"line":5,"column":98}},"8":{"start":{"line":6,"column":32},"end":{"line":6,"column":149}},"9":{"start":{"line":6,"column":97},"end":{"line":6,"column":119}},"10":{"start":{"line":7,"column":8},"end":{"line":7,"column":78}},"11":{"start":{"line":10,"column":0},"end":{"line":10,"column":62}},"12":{"start":{"line":11,"column":19},"end":{"line":11,"column":38}},"13":{"start":{"line":12,"column":10},"end":{"line":12,"column":27}},"14":{"start":{"line":13,"column":18},"end":{"line":13,"column":36}},"15":{"start":{"line":14,"column":21},"end":{"line":14,"column":42}},"16":{"start":{"line":15,"column":14},"end":{"line":15,"column":36}},"17":{"start":{"line":18,"column":8},"end":{"line":18,"column":62}},"18":{"start":{"line":19,"column":8},"end":{"line":19,"column":45}},"19":{"start":{"line":20,"column":8},"end":{"line":26,"column":10}},"20":{"start":{"line":27,"column":8},"end":{"line":29,"column":9}},"21":{"start":{"line":28,"column":12},"end":{"line":28,"column":30}},"22":{"start":{"line":32,"column":8},"end":{"line":44,"column":11}},"23":{"start":{"line":33,"column":12},"end":{"line":33,"column":60}},"24":{"start":{"line":34,"column":12},"end":{"line":36,"column":13}},"25":{"start":{"line":35,"column":16},"end":{"line":35,"column":82}},"26":{"start":{"line":35,"column":58},"end":{"line":35,"column":81}},"27":{"start":{"line":37,"column":12},"end":{"line":37,"column":21}},"28":{"start":{"line":38,"column":23},"end":{"line":40,"column":14}},"29":{"start":{"line":41,"column":12},"end":{"line":41,"column":21}},"30":{"start":{"line":42,"column":12},"end":{"line":42,"column":74}},"31":{"start":{"line":43,"column":12},"end":{"line":43,"column":26}},"32":{"start":{"line":47,"column":8},"end":{"line":49,"column":9}},"33":{"start":{"line":48,"column":12},"end":{"line":48,"column":69}},"34":{"start":{"line":50,"column":8},"end":{"line":52,"column":9}},"35":{"start":{"line":51,"column":12},"end":{"line":51,"column":71}},"36":{"start":{"line":53,"column":8},"end":{"line":55,"column":9}},"37":{"start":{"line":54,"column":12},"end":{"line":54,"column":72}},"38":{"start":{"line":56,"column":8},"end":{"line":56,"column":33}},"39":{"start":{"line":57,"column":8},"end":{"line":57,"column":35}},"40":{"start":{"line":58,"column":8},"end":{"line":58,"column":60}},"41":{"start":{"line":58,"column":49},"end":{"line":58,"column":58}},"42":{"start":{"line":61,"column":8},"end":{"line":85,"column":11}},"43":{"start":{"line":62,"column":12},"end":{"line":64,"column":13}},"44":{"start":{"line":63,"column":16},"end":{"line":63,"column":84}},"45":{"start":{"line":67,"column":12},"end":{"line":73,"column":13}},"46":{"start":{"line":68,"column":16},"end":{"line":68,"column":34}},"47":{"start":{"line":71,"column":16},"end":{"line":71,"column":48}},"48":{"start":{"line":72,"column":16},"end":{"line":72,"column":51}},"49":{"start":{"line":74,"column":12},"end":{"line":84,"column":13}},"50":{"start":{"line":75,"column":16},"end":{"line":80,"column":17}},"51":{"start":{"line":76,"column":20},"end":{"line":76,"column":70}},"52":{"start":{"line":79,"column":20},"end":{"line":79,"column":93}},"53":{"start":{"line":83,"column":16},"end":{"line":83,"column":24}},"54":{"start":{"line":88,"column":8},"end":{"line":91,"column":11}},"55":{"start":{"line":89,"column":28},"end":{"line":89,"column":52}},"56":{"start":{"line":90,"column":12},"end":{"line":90,"column":35}},"57":{"start":{"line":94,"column":8},"end":{"line":94,"column":45}},"58":{"start":{"line":95,"column":8},"end":{"line":95,"column":81}},"59":{"start":{"line":98,"column":8},"end":{"line":101,"column":11}},"60":{"start":{"line":99,"column":12},"end":{"line":99,"column":49}},"61":{"start":{"line":100,"column":12},"end":{"line":100,"column":46}},"62":{"start":{"line":104,"column":8},"end":{"line":174,"column":11}},"63":{"start":{"line":105,"column":25},"end":{"line":105,"column":29}},"64":{"start":{"line":106,"column":28},"end":{"line":106,"column":52}},"65":{"start":{"line":107,"column":33},"end":{"line":107,"column":48}},"66":{"start":{"line":108,"column":28},"end":{"line":127,"column":14}},"67":{"start":{"line":108,"column":48},"end":{"line":127,"column":14}},"68":{"start":{"line":109,"column":34},"end":{"line":109,"column":49}},"69":{"start":{"line":110,"column":16},"end":{"line":113,"column":17}},"70":{"start":{"line":111,"column":20},"end":{"line":111,"column":29}},"71":{"start":{"line":112,"column":20},"end":{"line":112,"column":104}},"72":{"start":{"line":115,"column":20},"end":{"line":115,"column":77}},"73":{"start":{"line":117,"column":16},"end":{"line":117,"column":121}},"74":{"start":{"line":118,"column":16},"end":{"line":126,"column":17}},"75":{"start":{"line":119,"column":20},"end":{"line":119,"column":68}},"76":{"start":{"line":121,"column":21},"end":{"line":126,"column":17}},"77":{"start":{"line":122,"column":20},"end":{"line":122,"column":68}},"78":{"start":{"line":125,"column":20},"end":{"line":125,"column":62}},"79":{"start":{"line":128,"column":25},"end":{"line":136,"column":14}},"80":{"start":{"line":128,"column":31},"end":{"line":136,"column":14}},"81":{"start":{"line":129,"column":37},"end":{"line":129,"column":151}},"82":{"start":{"line":130,"column":16},"end":{"line":135,"column":17}},"83":{"start":{"line":131,"column":20},"end":{"line":131,"column":32}},"84":{"start":{"line":134,"column":20},"end":{"line":134,"column":33}},"85":{"start":{"line":137,"column":27},"end":{"line":137,"column":93}},"86":{"start":{"line":137,"column":33},"end":{"line":137,"column":93}},"87":{"start":{"line":138,"column":12},"end":{"line":141,"column":13}},"88":{"start":{"line":139,"column":16},"end":{"line":139,"column":81}},"89":{"start":{"line":140,"column":16},"end":{"line":140,"column":23}},"90":{"start":{"line":142,"column":12},"end":{"line":148,"column":13}},"91":{"start":{"line":143,"column":16},"end":{"line":143,"column":76}},"92":{"start":{"line":144,"column":16},"end":{"line":144,"column":39}},"93":{"start":{"line":145,"column":16},"end":{"line":145,"column":67}},"94":{"start":{"line":146,"column":16},"end":{"line":146,"column":31}},"95":{"start":{"line":147,"column":16},"end":{"line":147,"column":23}},"96":{"start":{"line":149,"column":12},"end":{"line":155,"column":13}},"97":{"start":{"line":150,"column":16},"end":{"line":152,"column":17}},"98":{"start":{"line":151,"column":20},"end":{"line":151,"column":96}},"99":{"start":{"line":153,"column":16},"end":{"line":153,"column":31}},"100":{"start":{"line":154,"column":16},"end":{"line":154,"column":23}},"101":{"start":{"line":156,"column":29},"end":{"line":156,"column":69}},"102":{"start":{"line":157,"column":27},"end":{"line":157,"column":60}},"103":{"start":{"line":158,"column":12},"end":{"line":159,"column":55}},"104":{"start":{"line":160,"column":12},"end":{"line":171,"column":13}},"105":{"start":{"line":161,"column":16},"end":{"line":164,"column":17}},"106":{"start":{"line":162,"column":20},"end":{"line":162,"column":41}},"107":{"start":{"line":163,"column":20},"end":{"line":163,"column":63}},"108":{"start":{"line":167,"column":16},"end":{"line":170,"column":17}},"109":{"start":{"line":168,"column":20},"end":{"line":168,"column":39}},"110":{"start":{"line":169,"column":20},"end":{"line":169,"column":63}},"111":{"start":{"line":172,"column":12},"end":{"line":172,"column":27}},"112":{"start":{"line":173,"column":12},"end":{"line":173,"column":63}},"113":{"start":{"line":177,"column":8},"end":{"line":180,"column":11}},"114":{"start":{"line":178,"column":24},"end":{"line":178,"column":74}},"115":{"start":{"line":179,"column":12},"end":{"line":179,"column":82}},"116":{"start":{"line":183,"column":8},"end":{"line":193,"column":11}},"117":{"start":{"line":184,"column":12},"end":{"line":184,"column":45}},"118":{"start":{"line":185,"column":12},"end":{"line":185,"column":45}},"119":{"start":{"line":186,"column":33},"end":{"line":186,"column":164}},"120":{"start":{"line":187,"column":12},"end":{"line":192,"column":13}},"121":{"start":{"line":188,"column":16},"end":{"line":188,"column":31}},"122":{"start":{"line":191,"column":16},"end":{"line":191,"column":28}},"123":{"start":{"line":196,"column":8},"end":{"line":200,"column":9}},"124":{"start":{"line":197,"column":12},"end":{"line":199,"column":13}},"125":{"start":{"line":198,"column":16},"end":{"line":198,"column":25}},"126":{"start":{"line":201,"column":8},"end":{"line":201,"column":68}},"127":{"start":{"line":204,"column":0},"end":{"line":204,"column":30}}},"fnMap":{"0":{"name":"(anonymous_0)","decl":{"start":{"line":2,"column":44},"end":{"line":2,"column":45}},"loc":{"start":{"line":2,"column":89},"end":{"line":9,"column":1}},"line":2},"1":{"name":"(anonymous_1)","decl":{"start":{"line":3,"column":36},"end":{"line":3,"column":37}},"loc":{"start":{"line":3,"column":63},"end":{"line":8,"column":5}},"line":3},"2":{"name":"fulfilled","decl":{"start":{"line":4,"column":17},"end":{"line":4,"column":26}},"loc":{"start":{"line":4,"column":34},"end":{"line":4,"column":99}},"line":4},"3":{"name":"rejected","decl":{"start":{"line":5,"column":17},"end":{"line":5,"column":25}},"loc":{"start":{"line":5,"column":33},"end":{"line":5,"column":102}},"line":5},"4":{"name":"step","decl":{"start":{"line":6,"column":17},"end":{"line":6,"column":21}},"loc":{"start":{"line":6,"column":30},"end":{"line":6,"column":151}},"line":6},"5":{"name":"(anonymous_5)","decl":{"start":{"line":6,"column":76},"end":{"line":6,"column":77}},"loc":{"start":{"line":6,"column":95},"end":{"line":6,"column":121}},"line":6},"6":{"name":"(anonymous_6)","decl":{"start":{"line":17,"column":4},"end":{"line":17,"column":5}},"loc":{"start":{"line":17,"column":22},"end":{"line":30,"column":5}},"line":17},"7":{"name":"(anonymous_7)","decl":{"start":{"line":18,"column":50},"end":{"line":18,"column":51}},"loc":{"start":{"line":18,"column":56},"end":{"line":18,"column":59}},"line":18},"8":{"name":"(anonymous_8)","decl":{"start":{"line":31,"column":4},"end":{"line":31,"column":5}},"loc":{"start":{"line":31,"column":17},"end":{"line":45,"column":5}},"line":31},"9":{"name":"(anonymous_9)","decl":{"start":{"line":32,"column":47},"end":{"line":32,"column":48}},"loc":{"start":{"line":32,"column":60},"end":{"line":44,"column":9}},"line":32},"10":{"name":"(anonymous_10)","decl":{"start":{"line":35,"column":38},"end":{"line":35,"column":39}},"loc":{"start":{"line":35,"column":58},"end":{"line":35,"column":81}},"line":35},"11":{"name":"(anonymous_11)","decl":{"start":{"line":46,"column":4},"end":{"line":46,"column":5}},"loc":{"start":{"line":46,"column":19},"end":{"line":59,"column":5}},"line":46},"12":{"name":"(anonymous_12)","decl":{"start":{"line":58,"column":42},"end":{"line":58,"column":43}},"loc":{"start":{"line":58,"column":49},"end":{"line":58,"column":58}},"line":58},"13":{"name":"(anonymous_13)","decl":{"start":{"line":60,"column":4},"end":{"line":60,"column":5}},"loc":{"start":{"line":60,"column":23},"end":{"line":86,"column":5}},"line":60},"14":{"name":"(anonymous_14)","decl":{"start":{"line":61,"column":47},"end":{"line":61,"column":48}},"loc":{"start":{"line":61,"column":60},"end":{"line":85,"column":9}},"line":61},"15":{"name":"(anonymous_15)","decl":{"start":{"line":87,"column":4},"end":{"line":87,"column":5}},"loc":{"start":{"line":87,"column":17},"end":{"line":92,"column":5}},"line":87},"16":{"name":"(anonymous_16)","decl":{"start":{"line":88,"column":47},"end":{"line":88,"column":48}},"loc":{"start":{"line":88,"column":60},"end":{"line":91,"column":9}},"line":88},"17":{"name":"(anonymous_17)","decl":{"start":{"line":93,"column":4},"end":{"line":93,"column":5}},"loc":{"start":{"line":93,"column":13},"end":{"line":96,"column":5}},"line":93},"18":{"name":"(anonymous_18)","decl":{"start":{"line":97,"column":4},"end":{"line":97,"column":5}},"loc":{"start":{"line":97,"column":13},"end":{"line":102,"column":5}},"line":97},"19":{"name":"(anonymous_19)","decl":{"start":{"line":98,"column":47},"end":{"line":98,"column":48}},"loc":{"start":{"line":98,"column":60},"end":{"line":101,"column":9}},"line":98},"20":{"name":"(anonymous_20)","decl":{"start":{"line":103,"column":4},"end":{"line":103,"column":5}},"loc":{"start":{"line":103,"column":31},"end":{"line":175,"column":5}},"line":103},"21":{"name":"(anonymous_21)","decl":{"start":{"line":104,"column":47},"end":{"line":104,"column":48}},"loc":{"start":{"line":104,"column":60},"end":{"line":174,"column":9}},"line":104},"22":{"name":"(anonymous_22)","decl":{"start":{"line":108,"column":28},"end":{"line":108,"column":29}},"loc":{"start":{"line":108,"column":48},"end":{"line":127,"column":14}},"line":108},"23":{"name":"(anonymous_23)","decl":{"start":{"line":108,"column":80},"end":{"line":108,"column":81}},"loc":{"start":{"line":108,"column":93},"end":{"line":127,"column":13}},"line":108},"24":{"name":"maybeName","decl":{"start":{"line":114,"column":25},"end":{"line":114,"column":34}},"loc":{"start":{"line":114,"column":37},"end":{"line":116,"column":17}},"line":114},"25":{"name":"(anonymous_25)","decl":{"start":{"line":128,"column":25},"end":{"line":128,"column":26}},"loc":{"start":{"line":128,"column":31},"end":{"line":136,"column":14}},"line":128},"26":{"name":"(anonymous_26)","decl":{"start":{"line":128,"column":63},"end":{"line":128,"column":64}},"loc":{"start":{"line":128,"column":76},"end":{"line":136,"column":13}},"line":128},"27":{"name":"(anonymous_27)","decl":{"start":{"line":137,"column":27},"end":{"line":137,"column":28}},"loc":{"start":{"line":137,"column":33},"end":{"line":137,"column":93}},"line":137},"28":{"name":"(anonymous_28)","decl":{"start":{"line":176,"column":4},"end":{"line":176,"column":5}},"loc":{"start":{"line":176,"column":18},"end":{"line":181,"column":5}},"line":176},"29":{"name":"(anonymous_29)","decl":{"start":{"line":177,"column":47},"end":{"line":177,"column":48}},"loc":{"start":{"line":177,"column":60},"end":{"line":180,"column":9}},"line":177},"30":{"name":"(anonymous_30)","decl":{"start":{"line":182,"column":4},"end":{"line":182,"column":5}},"loc":{"start":{"line":182,"column":25},"end":{"line":194,"column":5}},"line":182},"31":{"name":"(anonymous_31)","decl":{"start":{"line":183,"column":47},"end":{"line":183,"column":48}},"loc":{"start":{"line":183,"column":60},"end":{"line":193,"column":9}},"line":183},"32":{"name":"(anonymous_32)","decl":{"start":{"line":195,"column":4},"end":{"line":195,"column":5}},"loc":{"start":{"line":195,"column":33},"end":{"line":202,"column":5}},"line":195}},"branchMap":{"0":{"loc":{"start":{"line":2,"column":16},"end":{"line":9,"column":1}},"type":"binary-expr","locations":[{"start":{"line":2,"column":17},"end":{"line":2,"column":21}},{"start":{"line":2,"column":25},"end":{"line":2,"column":39}},{"start":{"line":2,"column":44},"end":{"line":9,"column":1}}],"line":2},"1":{"loc":{"start":{"line":3,"column":16},"end":{"line":3,"column":34}},"type":"binary-expr","locations":[{"start":{"line":3,"column":16},"end":{"line":3,"column":17}},{"start":{"line":3,"column":22},"end":{"line":3,"column":33}}],"line":3},"2":{"loc":{"start":{"line":6,"column":32},"end":{"line":6,"column":148}},"type":"cond-expr","locations":[{"start":{"line":6,"column":46},"end":{"line":6,"column":67}},{"start":{"line":6,"column":70},"end":{"line":6,"column":148}}],"line":6},"3":{"loc":{"start":{"line":7,"column":51},"end":{"line":7,"column":67}},"type":"binary-expr","locations":[{"start":{"line":7,"column":51},"end":{"line":7,"column":61}},{"start":{"line":7,"column":65},"end":{"line":7,"column":67}}],"line":7},"4":{"loc":{"start":{"line":27,"column":8},"end":{"line":29,"column":9}},"type":"if","locations":[{"start":{"line":27,"column":8},"end":{"line":29,"column":9}},{"start":{"line":27,"column":8},"end":{"line":29,"column":9}}],"line":27},"5":{"loc":{"start":{"line":34,"column":12},"end":{"line":36,"column":13}},"type":"if","locations":[{"start":{"line":34,"column":12},"end":{"line":36,"column":13}},{"start":{"line":34,"column":12},"end":{"line":36,"column":13}}],"line":34},"6":{"loc":{"start":{"line":47,"column":8},"end":{"line":49,"column":9}},"type":"if","locations":[{"start":{"line":47,"column":8},"end":{"line":49,"column":9}},{"start":{"line":47,"column":8},"end":{"line":49,"column":9}}],"line":47},"7":{"loc":{"start":{"line":50,"column":8},"end":{"line":52,"column":9}},"type":"if","locations":[{"start":{"line":50,"column":8},"end":{"line":52,"column":9}},{"start":{"line":50,"column":8},"end":{"line":52,"column":9}}],"line":50},"8":{"loc":{"start":{"line":53,"column":8},"end":{"line":55,"column":9}},"type":"if","locations":[{"start":{"line":53,"column":8},"end":{"line":55,"column":9}},{"start":{"line":53,"column":8},"end":{"line":55,"column":9}}],"line":53},"9":{"loc":{"start":{"line":62,"column":12},"end":{"line":64,"column":13}},"type":"if","locations":[{"start":{"line":62,"column":12},"end":{"line":64,"column":13}},{"start":{"line":62,"column":12},"end":{"line":64,"column":13}}],"line":62},"10":{"loc":{"start":{"line":62,"column":16},"end":{"line":62,"column":83}},"type":"binary-expr","locations":[{"start":{"line":62,"column":16},"end":{"line":62,"column":38}},{"start":{"line":62,"column":42},"end":{"line":62,"column":56}},{"start":{"line":62,"column":60},"end":{"line":62,"column":83}}],"line":62},"11":{"loc":{"start":{"line":67,"column":12},"end":{"line":73,"column":13}},"type":"if","locations":[{"start":{"line":67,"column":12},"end":{"line":73,"column":13}},{"start":{"line":67,"column":12},"end":{"line":73,"column":13}}],"line":67},"12":{"loc":{"start":{"line":75,"column":16},"end":{"line":80,"column":17}},"type":"if","locations":[{"start":{"line":75,"column":16},"end":{"line":80,"column":17}},{"start":{"line":75,"column":16},"end":{"line":80,"column":17}}],"line":75},"13":{"loc":{"start":{"line":110,"column":16},"end":{"line":113,"column":17}},"type":"if","locations":[{"start":{"line":110,"column":16},"end":{"line":113,"column":17}},{"start":{"line":110,"column":16},"end":{"line":113,"column":17}}],"line":110},"14":{"loc":{"start":{"line":115,"column":27},"end":{"line":115,"column":76}},"type":"cond-expr","locations":[{"start":{"line":115,"column":44},"end":{"line":115,"column":71}},{"start":{"line":115,"column":74},"end":{"line":115,"column":76}}],"line":115},"15":{"loc":{"start":{"line":118,"column":16},"end":{"line":126,"column":17}},"type":"if","locations":[{"start":{"line":118,"column":16},"end":{"line":126,"column":17}},{"start":{"line":118,"column":16},"end":{"line":126,"column":17}}],"line":118},"16":{"loc":{"start":{"line":121,"column":21},"end":{"line":126,"column":17}},"type":"if","locations":[{"start":{"line":121,"column":21},"end":{"line":126,"column":17}},{"start":{"line":121,"column":21},"end":{"line":126,"column":17}}],"line":121},"17":{"loc":{"start":{"line":130,"column":16},"end":{"line":135,"column":17}},"type":"if","locations":[{"start":{"line":130,"column":16},"end":{"line":135,"column":17}},{"start":{"line":130,"column":16},"end":{"line":135,"column":17}}],"line":130},"18":{"loc":{"start":{"line":130,"column":20},"end":{"line":130,"column":58}},"type":"binary-expr","locations":[{"start":{"line":130,"column":20},"end":{"line":130,"column":32}},{"start":{"line":130,"column":36},"end":{"line":130,"column":58}}],"line":130},"19":{"loc":{"start":{"line":138,"column":12},"end":{"line":141,"column":13}},"type":"if","locations":[{"start":{"line":138,"column":12},"end":{"line":141,"column":13}},{"start":{"line":138,"column":12},"end":{"line":141,"column":13}}],"line":138},"20":{"loc":{"start":{"line":142,"column":12},"end":{"line":148,"column":13}},"type":"if","locations":[{"start":{"line":142,"column":12},"end":{"line":148,"column":13}},{"start":{"line":142,"column":12},"end":{"line":148,"column":13}}],"line":142},"21":{"loc":{"start":{"line":149,"column":12},"end":{"line":155,"column":13}},"type":"if","locations":[{"start":{"line":149,"column":12},"end":{"line":155,"column":13}},{"start":{"line":149,"column":12},"end":{"line":155,"column":13}}],"line":149},"22":{"loc":{"start":{"line":150,"column":16},"end":{"line":152,"column":17}},"type":"if","locations":[{"start":{"line":150,"column":16},"end":{"line":152,"column":17}},{"start":{"line":150,"column":16},"end":{"line":152,"column":17}}],"line":150},"23":{"loc":{"start":{"line":160,"column":12},"end":{"line":171,"column":13}},"type":"if","locations":[{"start":{"line":160,"column":12},"end":{"line":171,"column":13}},{"start":{"line":160,"column":12},"end":{"line":171,"column":13}}],"line":160},"24":{"loc":{"start":{"line":179,"column":19},"end":{"line":179,"column":81}},"type":"binary-expr","locations":[{"start":{"line":179,"column":19},"end":{"line":179,"column":22}},{"start":{"line":179,"column":27},"end":{"line":179,"column":80}}],"line":179},"25":{"loc":{"start":{"line":187,"column":12},"end":{"line":192,"column":13}},"type":"if","locations":[{"start":{"line":187,"column":12},"end":{"line":192,"column":13}},{"start":{"line":187,"column":12},"end":{"line":192,"column":13}}],"line":187},"26":{"loc":{"start":{"line":187,"column":16},"end":{"line":187,"column":54}},"type":"binary-expr","locations":[{"start":{"line":187,"column":16},"end":{"line":187,"column":28}},{"start":{"line":187,"column":32},"end":{"line":187,"column":54}}],"line":187},"27":{"loc":{"start":{"line":197,"column":12},"end":{"line":199,"column":13}},"type":"if","locations":[{"start":{"line":197,"column":12},"end":{"line":199,"column":13}},{"start":{"line":197,"column":12},"end":{"line":199,"column":13}}],"line":197}},"s":{"0":1,"1":90,"2":99,"3":99,"4":0,"5":0,"6":0,"7":0,"8":189,"9":99,"10":90,"11":1,"12":1,"13":1,"14":1,"15":1,"16":1,"17":1,"18":1,"19":1,"20":1,"21":0,"22":1,"23":1,"24":1,"25":1,"26":29,"27":1,"28":1,"29":1,"30":1,"31":1,"32":12,"33":0,"34":12,"35":0,"36":12,"37":0,"38":12,"39":12,"40":12,"41":30,"42":8,"43":8,"44":0,"45":8,"46":4,"47":4,"48":4,"49":8,"50":8,"51":3,"52":5,"53":0,"54":12,"55":12,"56":12,"57":0,"58":0,"59":6,"60":6,"61":6,"62":8,"63":8,"64":8,"65":8,"66":8,"67":13,"68":13,"69":13,"70":0,"71":0,"72":13,"73":13,"74":13,"75":0,"76":13,"77":0,"78":13,"79":8,"80":8,"81":8,"82":8,"83":8,"84":0,"85":8,"86":8,"87":8,"88":0,"89":0,"90":8,"91":1,"92":1,"93":1,"94":1,"95":1,"96":7,"97":0,"98":0,"99":0,"100":0,"101":7,"102":7,"103":7,"104":7,"105":5,"106":9,"107":9,"108":2,"109":3,"110":3,"111":7,"112":7,"113":20,"114":20,"115":20,"116":14,"117":14,"118":14,"119":14,"120":14,"121":14,"122":0,"123":14,"124":28,"125":14,"126":0,"127":1},"f":{"0":90,"1":90,"2":99,"3":0,"4":189,"5":99,"6":1,"7":1,"8":1,"9":1,"10":29,"11":12,"12":30,"13":8,"14":8,"15":12,"16":12,"17":0,"18":6,"19":6,"20":8,"21":8,"22":13,"23":13,"24":13,"25":8,"26":8,"27":8,"28":20,"29":20,"30":14,"31":14,"32":14},"b":{"0":[1,1,1],"1":[90,90],"2":[90,99],"3":[90,90],"4":[0,1],"5":[1,0],"6":[0,12],"7":[0,12],"8":[0,12],"9":[0,8],"10":[8,8,8],"11":[4,4],"12":[3,5],"13":[0,13],"14":[12,1],"15":[0,13],"16":[0,13],"17":[8,0],"18":[8,8],"19":[0,8],"20":[1,7],"21":[0,7],"22":[0,0],"23":[5,2],"24":[20,6],"25":[14,0],"26":[14,14],"27":[14,14]},"_coverageSchema":"332fd63041d2c1bcb487cc26dd0d5f7d97098a6c","hash":"d1eaaf8058d68349b1f8a220936e3b9e83c611a3"}
}
