TN:
SF:/Users/emmanuelbuah/Airfordable/af-data-migrator/dist/index.js
FNF:0
FNH:0
DA:2,1
DA:3,1
DA:4,1
DA:5,1
DA:6,1
DA:7,1
DA:8,0
LF:7
LH:6
BRDA:7,0,0,0
BRDA:7,0,1,1
BRF:2
BRH:1
end_of_record
TN:
SF:/Users/emmanuelbuah/Airfordable/af-data-migrator/dist/migration.js
FN:2,(anonymous_0)
FN:3,(anonymous_1)
FN:4,fulfilled
FN:5,rejected
FN:6,step
FN:6,(anonymous_5)
FN:17,(anonymous_6)
FN:18,(anonymous_7)
FN:31,(anonymous_8)
FN:32,(anonymous_9)
FN:35,(anonymous_10)
FN:46,(anonymous_11)
FN:58,(anonymous_12)
FN:60,(anonymous_13)
FN:61,(anonymous_14)
FN:87,(anonymous_15)
FN:88,(anonymous_16)
FN:93,(anonymous_17)
FN:97,(anonymous_18)
FN:98,(anonymous_19)
FN:103,(anonymous_20)
FN:104,(anonymous_21)
FN:108,(anonymous_22)
FN:108,(anonymous_23)
FN:114,maybeName
FN:128,(anonymous_25)
FN:128,(anonymous_26)
FN:137,(anonymous_27)
FN:176,(anonymous_28)
FN:177,(anonymous_29)
FN:182,(anonymous_30)
FN:183,(anonymous_31)
FN:195,(anonymous_32)
FNF:33
FNH:31
FNDA:90,(anonymous_0)
FNDA:90,(anonymous_1)
FNDA:99,fulfilled
FNDA:0,rejected
FNDA:189,step
FNDA:99,(anonymous_5)
FNDA:1,(anonymous_6)
FNDA:1,(anonymous_7)
FNDA:1,(anonymous_8)
FNDA:1,(anonymous_9)
FNDA:29,(anonymous_10)
FNDA:12,(anonymous_11)
FNDA:30,(anonymous_12)
FNDA:8,(anonymous_13)
FNDA:8,(anonymous_14)
FNDA:12,(anonymous_15)
FNDA:12,(anonymous_16)
FNDA:0,(anonymous_17)
FNDA:6,(anonymous_18)
FNDA:6,(anonymous_19)
FNDA:8,(anonymous_20)
FNDA:8,(anonymous_21)
FNDA:13,(anonymous_22)
FNDA:13,(anonymous_23)
FNDA:13,maybeName
FNDA:8,(anonymous_25)
FNDA:8,(anonymous_26)
FNDA:8,(anonymous_27)
FNDA:20,(anonymous_28)
FNDA:20,(anonymous_29)
FNDA:14,(anonymous_30)
FNDA:14,(anonymous_31)
FNDA:14,(anonymous_32)
DA:2,1
DA:3,90
DA:4,99
DA:5,0
DA:6,189
DA:7,90
DA:10,1
DA:11,1
DA:12,1
DA:13,1
DA:14,1
DA:15,1
DA:18,1
DA:19,1
DA:20,1
DA:27,1
DA:28,0
DA:32,1
DA:33,1
DA:34,1
DA:35,29
DA:37,1
DA:38,1
DA:41,1
DA:42,1
DA:43,1
DA:47,12
DA:48,0
DA:50,12
DA:51,0
DA:53,12
DA:54,0
DA:56,12
DA:57,12
DA:58,30
DA:61,8
DA:62,8
DA:63,0
DA:67,8
DA:68,4
DA:71,4
DA:72,4
DA:74,8
DA:75,8
DA:76,3
DA:79,5
DA:83,0
DA:88,12
DA:89,12
DA:90,12
DA:94,0
DA:95,0
DA:98,6
DA:99,6
DA:100,6
DA:104,8
DA:105,8
DA:106,8
DA:107,8
DA:108,13
DA:109,13
DA:110,13
DA:111,0
DA:112,0
DA:115,13
DA:117,13
DA:118,13
DA:119,0
DA:121,13
DA:122,0
DA:125,13
DA:128,8
DA:129,8
DA:130,8
DA:131,8
DA:134,0
DA:137,8
DA:138,8
DA:139,0
DA:140,0
DA:142,8
DA:143,1
DA:144,1
DA:145,1
DA:146,1
DA:147,1
DA:149,7
DA:150,0
DA:151,0
DA:153,0
DA:154,0
DA:156,7
DA:157,7
DA:158,7
DA:160,7
DA:161,5
DA:162,9
DA:163,9
DA:167,2
DA:168,3
DA:169,3
DA:172,7
DA:173,7
DA:177,20
DA:178,20
DA:179,20
DA:183,14
DA:184,14
DA:185,14
DA:186,14
DA:187,14
DA:188,14
DA:191,0
DA:196,14
DA:197,28
DA:198,14
DA:201,0
DA:204,1
LF:118
LH:96
BRDA:2,0,0,1
BRDA:2,0,1,1
BRDA:2,0,2,1
BRDA:3,1,0,90
BRDA:3,1,1,90
BRDA:6,2,0,90
BRDA:6,2,1,99
BRDA:7,3,0,90
BRDA:7,3,1,90
BRDA:27,4,0,0
BRDA:27,4,1,1
BRDA:34,5,0,1
BRDA:34,5,1,0
BRDA:47,6,0,0
BRDA:47,6,1,12
BRDA:50,7,0,0
BRDA:50,7,1,12
BRDA:53,8,0,0
BRDA:53,8,1,12
BRDA:62,9,0,0
BRDA:62,9,1,8
BRDA:62,10,0,8
BRDA:62,10,1,8
BRDA:62,10,2,8
BRDA:67,11,0,4
BRDA:67,11,1,4
BRDA:75,12,0,3
BRDA:75,12,1,5
BRDA:110,13,0,0
BRDA:110,13,1,13
BRDA:115,14,0,12
BRDA:115,14,1,1
BRDA:118,15,0,0
BRDA:118,15,1,13
BRDA:121,16,0,0
BRDA:121,16,1,13
BRDA:130,17,0,8
BRDA:130,17,1,0
BRDA:130,18,0,8
BRDA:130,18,1,8
BRDA:138,19,0,0
BRDA:138,19,1,8
BRDA:142,20,0,1
BRDA:142,20,1,7
BRDA:149,21,0,0
BRDA:149,21,1,7
BRDA:150,22,0,0
BRDA:150,22,1,0
BRDA:160,23,0,5
BRDA:160,23,1,2
BRDA:179,24,0,20
BRDA:179,24,1,6
BRDA:187,25,0,14
BRDA:187,25,1,0
BRDA:187,26,0,14
BRDA:187,26,1,14
BRDA:197,27,0,14
BRDA:197,27,1,14
BRF:58
BRH:43
end_of_record
